{"/home/antiy/projects/backend-project-lvl2/src/index.js": {"path":"/home/antiy/projects/backend-project-lvl2/src/index.js","statementMap":{"0":{"start":{"line":1,"column":0},"end":{"line":1,"column":23}},"1":{"start":{"line":2,"column":0},"end":{"line":2,"column":20}},"2":{"start":{"line":3,"column":0},"end":{"line":3,"column":30}},"3":{"start":{"line":4,"column":0},"end":{"line":4,"column":24}},"4":{"start":{"line":5,"column":0},"end":{"line":5,"column":0}},"5":{"start":{"line":6,"column":0},"end":{"line":6,"column":31}},"6":{"start":{"line":7,"column":0},"end":{"line":7,"column":59}},"7":{"start":{"line":8,"column":0},"end":{"line":8,"column":46}},"8":{"start":{"line":9,"column":0},"end":{"line":9,"column":29}},"9":{"start":{"line":10,"column":0},"end":{"line":10,"column":2}},"10":{"start":{"line":11,"column":0},"end":{"line":11,"column":0}},"11":{"start":{"line":12,"column":0},"end":{"line":12,"column":42}},"12":{"start":{"line":13,"column":0},"end":{"line":13,"column":36}},"13":{"start":{"line":14,"column":0},"end":{"line":14,"column":35}},"14":{"start":{"line":15,"column":0},"end":{"line":15,"column":52}},"15":{"start":{"line":16,"column":0},"end":{"line":16,"column":28}},"16":{"start":{"line":17,"column":0},"end":{"line":17,"column":50}},"17":{"start":{"line":18,"column":0},"end":{"line":18,"column":39}},"18":{"start":{"line":19,"column":0},"end":{"line":19,"column":45}},"19":{"start":{"line":20,"column":0},"end":{"line":20,"column":19}},"20":{"start":{"line":21,"column":0},"end":{"line":21,"column":7}},"21":{"start":{"line":22,"column":0},"end":{"line":22,"column":43}},"22":{"start":{"line":23,"column":0},"end":{"line":23,"column":42}},"23":{"start":{"line":24,"column":0},"end":{"line":24,"column":17}},"24":{"start":{"line":25,"column":0},"end":{"line":25,"column":5}},"25":{"start":{"line":26,"column":0},"end":{"line":26,"column":30}},"26":{"start":{"line":27,"column":0},"end":{"line":27,"column":42}},"27":{"start":{"line":28,"column":0},"end":{"line":28,"column":17}},"28":{"start":{"line":29,"column":0},"end":{"line":29,"column":5}},"29":{"start":{"line":30,"column":0},"end":{"line":30,"column":29}},"30":{"start":{"line":31,"column":0},"end":{"line":31,"column":43}},"31":{"start":{"line":32,"column":0},"end":{"line":32,"column":17}},"32":{"start":{"line":33,"column":0},"end":{"line":33,"column":5}},"33":{"start":{"line":34,"column":0},"end":{"line":34,"column":15}},"34":{"start":{"line":35,"column":0},"end":{"line":35,"column":4}},"35":{"start":{"line":36,"column":0},"end":{"line":36,"column":0}},"36":{"start":{"line":37,"column":0},"end":{"line":37,"column":37}},"37":{"start":{"line":38,"column":0},"end":{"line":38,"column":22}},"38":{"start":{"line":39,"column":0},"end":{"line":39,"column":19}},"39":{"start":{"line":40,"column":0},"end":{"line":40,"column":27}},"40":{"start":{"line":41,"column":0},"end":{"line":41,"column":2}}},"s":{"0":1,"1":1,"2":1,"3":1,"4":1,"5":1,"6":2,"7":2,"8":2,"9":1,"10":1,"11":1,"12":1,"13":1,"14":1,"15":1,"16":5,"17":2,"18":1,"19":1,"20":1,"21":1,"22":1,"23":1,"24":1,"25":5,"26":1,"27":1,"28":1,"29":2,"30":2,"31":2,"32":2,"33":0,"34":1,"35":1,"36":1,"37":1,"38":1,"39":1,"40":1},"branchMap":{"0":{"type":"branch","line":1,"loc":{"start":{"line":1,"column":0},"end":{"line":41,"column":2}},"locations":[{"start":{"line":1,"column":0},"end":{"line":41,"column":2}}]},"1":{"type":"branch","line":6,"loc":{"start":{"line":6,"column":16},"end":{"line":10,"column":1}},"locations":[{"start":{"line":6,"column":16},"end":{"line":10,"column":1}}]},"2":{"type":"branch","line":12,"loc":{"start":{"line":12,"column":15},"end":{"line":41,"column":1}},"locations":[{"start":{"line":12,"column":15},"end":{"line":41,"column":1}}]},"3":{"type":"branch","line":16,"loc":{"start":{"line":16,"column":13},"end":{"line":35,"column":3}},"locations":[{"start":{"line":16,"column":13},"end":{"line":35,"column":3}}]},"4":{"type":"branch","line":17,"loc":{"start":{"line":17,"column":27},"end":{"line":17,"column":47}},"locations":[{"start":{"line":17,"column":27},"end":{"line":17,"column":47}}]},"5":{"type":"branch","line":17,"loc":{"start":{"line":17,"column":49},"end":{"line":25,"column":5}},"locations":[{"start":{"line":17,"column":49},"end":{"line":25,"column":5}}]},"6":{"type":"branch","line":18,"loc":{"start":{"line":18,"column":38},"end":{"line":25,"column":5}},"locations":[{"start":{"line":18,"column":38},"end":{"line":25,"column":5}}]},"7":{"type":"branch","line":25,"loc":{"start":{"line":25,"column":5},"end":{"line":26,"column":29}},"locations":[{"start":{"line":25,"column":5},"end":{"line":26,"column":29}}]},"8":{"type":"branch","line":26,"loc":{"start":{"line":26,"column":29},"end":{"line":29,"column":5}},"locations":[{"start":{"line":26,"column":29},"end":{"line":29,"column":5}}]},"9":{"type":"branch","line":29,"loc":{"start":{"line":29,"column":5},"end":{"line":33,"column":5}},"locations":[{"start":{"line":29,"column":5},"end":{"line":33,"column":5}}]},"10":{"type":"branch","line":33,"loc":{"start":{"line":33,"column":5},"end":{"line":35,"column":2}},"locations":[{"start":{"line":33,"column":5},"end":{"line":35,"column":2}}]}},"b":{"0":[1],"1":[2],"2":[1],"3":[5],"4":[4],"5":[2],"6":[1],"7":[3],"8":[1],"9":[2],"10":[0]},"fnMap":{"0":{"name":"getJSON","decl":{"start":{"line":6,"column":16},"end":{"line":10,"column":1}},"loc":{"start":{"line":6,"column":16},"end":{"line":10,"column":1}},"line":6},"1":{"name":"default","decl":{"start":{"line":12,"column":15},"end":{"line":41,"column":1}},"loc":{"start":{"line":12,"column":15},"end":{"line":41,"column":1}},"line":12},"2":{"name":"cb","decl":{"start":{"line":16,"column":13},"end":{"line":35,"column":3}},"loc":{"start":{"line":16,"column":13},"end":{"line":35,"column":3}},"line":16}},"f":{"0":2,"1":1,"2":5}}
}
