{"/home/antiy/projects/backend-project-lvl2/src/buildAST.js": {"path":"/home/antiy/projects/backend-project-lvl2/src/buildAST.js","statementMap":{"0":{"start":{"line":1,"column":0},"end":{"line":1,"column":23}},"1":{"start":{"line":2,"column":0},"end":{"line":2,"column":0}},"2":{"start":{"line":3,"column":0},"end":{"line":3,"column":90}},"3":{"start":{"line":4,"column":0},"end":{"line":4,"column":65}},"4":{"start":{"line":5,"column":0},"end":{"line":5,"column":54}},"5":{"start":{"line":6,"column":0},"end":{"line":6,"column":0}},"6":{"start":{"line":7,"column":0},"end":{"line":7,"column":40}},"7":{"start":{"line":8,"column":0},"end":{"line":8,"column":50}},"8":{"start":{"line":9,"column":0},"end":{"line":9,"column":34}},"9":{"start":{"line":10,"column":0},"end":{"line":10,"column":58}},"10":{"start":{"line":11,"column":0},"end":{"line":11,"column":5}},"11":{"start":{"line":12,"column":0},"end":{"line":12,"column":34}},"12":{"start":{"line":13,"column":0},"end":{"line":13,"column":60}},"13":{"start":{"line":14,"column":0},"end":{"line":14,"column":5}},"14":{"start":{"line":15,"column":0},"end":{"line":15,"column":61}},"15":{"start":{"line":16,"column":0},"end":{"line":16,"column":87}},"16":{"start":{"line":17,"column":0},"end":{"line":17,"column":5}},"17":{"start":{"line":18,"column":0},"end":{"line":18,"column":59}},"18":{"start":{"line":19,"column":0},"end":{"line":19,"column":62}},"19":{"start":{"line":20,"column":0},"end":{"line":20,"column":5}},"20":{"start":{"line":21,"column":0},"end":{"line":21,"column":12}},"21":{"start":{"line":22,"column":0},"end":{"line":22,"column":10}},"22":{"start":{"line":23,"column":0},"end":{"line":23,"column":22}},"23":{"start":{"line":24,"column":0},"end":{"line":24,"column":30}},"24":{"start":{"line":25,"column":0},"end":{"line":25,"column":30}},"25":{"start":{"line":26,"column":0},"end":{"line":26,"column":6}},"26":{"start":{"line":27,"column":0},"end":{"line":27,"column":4}},"27":{"start":{"line":28,"column":0},"end":{"line":28,"column":77}},"28":{"start":{"line":29,"column":0},"end":{"line":29,"column":65}},"29":{"start":{"line":30,"column":0},"end":{"line":30,"column":2}},"30":{"start":{"line":31,"column":0},"end":{"line":31,"column":0}},"31":{"start":{"line":32,"column":0},"end":{"line":32,"column":24}}},"s":{"0":1,"1":1,"2":1,"3":1,"4":1,"5":1,"6":1,"7":14,"8":58,"9":17,"10":17,"11":58,"12":10,"13":10,"14":58,"15":9,"16":9,"17":58,"18":11,"19":11,"20":11,"21":11,"22":11,"23":11,"24":11,"25":11,"26":14,"27":14,"28":14,"29":1,"30":1,"31":1},"branchMap":{"0":{"type":"branch","line":1,"loc":{"start":{"line":1,"column":0},"end":{"line":32,"column":24}},"locations":[{"start":{"line":1,"column":0},"end":{"line":32,"column":24}}]},"1":{"type":"branch","line":3,"loc":{"start":{"line":3,"column":29},"end":{"line":3,"column":89}},"locations":[{"start":{"line":3,"column":29},"end":{"line":3,"column":89}}]},"2":{"type":"branch","line":3,"loc":{"start":{"line":3,"column":68},"end":{"line":3,"column":89}},"locations":[{"start":{"line":3,"column":68},"end":{"line":3,"column":89}}]},"3":{"type":"branch","line":4,"loc":{"start":{"line":4,"column":27},"end":{"line":4,"column":64}},"locations":[{"start":{"line":4,"column":27},"end":{"line":4,"column":64}}]},"4":{"type":"branch","line":5,"loc":{"start":{"line":5,"column":17},"end":{"line":5,"column":53}},"locations":[{"start":{"line":5,"column":17},"end":{"line":5,"column":53}}]},"5":{"type":"branch","line":7,"loc":{"start":{"line":7,"column":17},"end":{"line":30,"column":1}},"locations":[{"start":{"line":7,"column":17},"end":{"line":30,"column":1}}]},"6":{"type":"branch","line":8,"loc":{"start":{"line":8,"column":20},"end":{"line":27,"column":3}},"locations":[{"start":{"line":8,"column":20},"end":{"line":27,"column":3}}]},"7":{"type":"branch","line":9,"loc":{"start":{"line":9,"column":33},"end":{"line":11,"column":5}},"locations":[{"start":{"line":9,"column":33},"end":{"line":11,"column":5}}]},"8":{"type":"branch","line":11,"loc":{"start":{"line":11,"column":5},"end":{"line":12,"column":33}},"locations":[{"start":{"line":11,"column":5},"end":{"line":12,"column":33}}]},"9":{"type":"branch","line":12,"loc":{"start":{"line":12,"column":33},"end":{"line":14,"column":5}},"locations":[{"start":{"line":12,"column":33},"end":{"line":14,"column":5}}]},"10":{"type":"branch","line":14,"loc":{"start":{"line":14,"column":5},"end":{"line":15,"column":60}},"locations":[{"start":{"line":14,"column":5},"end":{"line":15,"column":60}}]},"11":{"type":"branch","line":15,"loc":{"start":{"line":15,"column":60},"end":{"line":17,"column":5}},"locations":[{"start":{"line":15,"column":60},"end":{"line":17,"column":5}}]},"12":{"type":"branch","line":17,"loc":{"start":{"line":17,"column":5},"end":{"line":18,"column":58}},"locations":[{"start":{"line":17,"column":5},"end":{"line":18,"column":58}}]},"13":{"type":"branch","line":18,"loc":{"start":{"line":18,"column":58},"end":{"line":27,"column":2}},"locations":[{"start":{"line":18,"column":58},"end":{"line":27,"column":2}}]},"14":{"type":"branch","line":29,"loc":{"start":{"line":29,"column":22},"end":{"line":29,"column":63}},"locations":[{"start":{"line":29,"column":22},"end":{"line":29,"column":63}}]}},"b":{"0":[1],"1":[31],"2":[12],"3":[22],"4":[99],"5":[14],"6":[58],"7":[17],"8":[41],"9":[10],"10":[31],"11":[9],"12":[22],"13":[11],"14":[58]},"fnMap":{"0":{"name":"bothValuesAreObjects","decl":{"start":{"line":3,"column":29},"end":{"line":3,"column":89}},"loc":{"start":{"line":3,"column":29},"end":{"line":3,"column":89}},"line":3},"1":{"name":"bothValuesAreEqual","decl":{"start":{"line":4,"column":27},"end":{"line":4,"column":64}},"loc":{"start":{"line":4,"column":27},"end":{"line":4,"column":64}},"line":4},"2":{"name":"hasNoKey","decl":{"start":{"line":5,"column":17},"end":{"line":5,"column":53}},"loc":{"start":{"line":5,"column":17},"end":{"line":5,"column":53}},"line":5},"3":{"name":"buildAST","decl":{"start":{"line":7,"column":17},"end":{"line":30,"column":1}},"loc":{"start":{"line":7,"column":17},"end":{"line":30,"column":1}},"line":7},"4":{"name":"buildNode","decl":{"start":{"line":8,"column":20},"end":{"line":27,"column":3}},"loc":{"start":{"line":8,"column":20},"end":{"line":27,"column":3}},"line":8}},"f":{"0":31,"1":22,"2":99,"3":14,"4":58}}
,"/home/antiy/projects/backend-project-lvl2/src/index.js": {"path":"/home/antiy/projects/backend-project-lvl2/src/index.js","statementMap":{"0":{"start":{"line":1,"column":0},"end":{"line":1,"column":0}},"1":{"start":{"line":2,"column":0},"end":{"line":2,"column":24}},"2":{"start":{"line":3,"column":0},"end":{"line":3,"column":20}},"3":{"start":{"line":4,"column":0},"end":{"line":4,"column":30}},"4":{"start":{"line":5,"column":0},"end":{"line":5,"column":37}},"5":{"start":{"line":6,"column":0},"end":{"line":6,"column":33}},"6":{"start":{"line":7,"column":0},"end":{"line":7,"column":43}},"7":{"start":{"line":8,"column":0},"end":{"line":8,"column":0}},"8":{"start":{"line":9,"column":0},"end":{"line":9,"column":0}},"9":{"start":{"line":10,"column":0},"end":{"line":10,"column":78}},"10":{"start":{"line":11,"column":0},"end":{"line":11,"column":0}},"11":{"start":{"line":12,"column":0},"end":{"line":12,"column":65}},"12":{"start":{"line":13,"column":0},"end":{"line":13,"column":51}},"13":{"start":{"line":14,"column":0},"end":{"line":14,"column":51}},"14":{"start":{"line":15,"column":0},"end":{"line":15,"column":73}},"15":{"start":{"line":16,"column":0},"end":{"line":16,"column":58}},"16":{"start":{"line":17,"column":0},"end":{"line":17,"column":73}},"17":{"start":{"line":18,"column":0},"end":{"line":18,"column":58}},"18":{"start":{"line":19,"column":0},"end":{"line":19,"column":67}},"19":{"start":{"line":20,"column":0},"end":{"line":20,"column":67}},"20":{"start":{"line":21,"column":0},"end":{"line":21,"column":53}},"21":{"start":{"line":22,"column":0},"end":{"line":22,"column":29}},"22":{"start":{"line":23,"column":0},"end":{"line":23,"column":2}},"23":{"start":{"line":24,"column":0},"end":{"line":24,"column":0}},"24":{"start":{"line":25,"column":0},"end":{"line":25,"column":29}}},"s":{"0":1,"1":1,"2":1,"3":1,"4":1,"5":1,"6":1,"7":1,"8":1,"9":1,"10":1,"11":1,"12":5,"13":5,"14":5,"15":5,"16":5,"17":5,"18":5,"19":5,"20":5,"21":5,"22":1,"23":1,"24":1},"branchMap":{"0":{"type":"branch","line":1,"loc":{"start":{"line":1,"column":0},"end":{"line":25,"column":29}},"locations":[{"start":{"line":1,"column":0},"end":{"line":25,"column":29}}]},"1":{"type":"branch","line":10,"loc":{"start":{"line":10,"column":22},"end":{"line":10,"column":77}},"locations":[{"start":{"line":10,"column":22},"end":{"line":10,"column":77}}]},"2":{"type":"branch","line":12,"loc":{"start":{"line":12,"column":22},"end":{"line":23,"column":1}},"locations":[{"start":{"line":12,"column":22},"end":{"line":23,"column":1}}]}},"b":{"0":[1],"1":[10],"2":[5]},"fnMap":{"0":{"name":"buildFullPath","decl":{"start":{"line":10,"column":22},"end":{"line":10,"column":77}},"loc":{"start":{"line":10,"column":22},"end":{"line":10,"column":77}},"line":10},"1":{"name":"getDifference","decl":{"start":{"line":12,"column":22},"end":{"line":23,"column":1}},"loc":{"start":{"line":12,"column":22},"end":{"line":23,"column":1}},"line":12}},"f":{"0":10,"1":5}}
,"/home/antiy/projects/backend-project-lvl2/src/parsers.js": {"path":"/home/antiy/projects/backend-project-lvl2/src/parsers.js","statementMap":{"0":{"start":{"line":1,"column":0},"end":{"line":1,"column":22}},"1":{"start":{"line":2,"column":0},"end":{"line":2,"column":27}},"2":{"start":{"line":3,"column":0},"end":{"line":3,"column":0}},"3":{"start":{"line":4,"column":0},"end":{"line":4,"column":36}},"4":{"start":{"line":5,"column":0},"end":{"line":5,"column":18}},"5":{"start":{"line":6,"column":0},"end":{"line":6,"column":24}},"6":{"start":{"line":7,"column":0},"end":{"line":7,"column":26}},"7":{"start":{"line":8,"column":0},"end":{"line":8,"column":27}},"8":{"start":{"line":9,"column":0},"end":{"line":9,"column":22}},"9":{"start":{"line":10,"column":0},"end":{"line":10,"column":4}},"10":{"start":{"line":11,"column":0},"end":{"line":11,"column":0}},"11":{"start":{"line":12,"column":0},"end":{"line":12,"column":33}},"12":{"start":{"line":13,"column":0},"end":{"line":13,"column":2}},"13":{"start":{"line":14,"column":0},"end":{"line":14,"column":0}},"14":{"start":{"line":15,"column":0},"end":{"line":15,"column":21}}},"s":{"0":1,"1":1,"2":1,"3":1,"4":10,"5":10,"6":10,"7":10,"8":10,"9":10,"10":10,"11":10,"12":1,"13":1,"14":1},"branchMap":{"0":{"type":"branch","line":1,"loc":{"start":{"line":1,"column":0},"end":{"line":15,"column":21}},"locations":[{"start":{"line":1,"column":0},"end":{"line":15,"column":21}}]},"1":{"type":"branch","line":4,"loc":{"start":{"line":4,"column":14},"end":{"line":13,"column":1}},"locations":[{"start":{"line":4,"column":14},"end":{"line":13,"column":1}}]}},"b":{"0":[1],"1":[10]},"fnMap":{"0":{"name":"parse","decl":{"start":{"line":4,"column":14},"end":{"line":13,"column":1}},"loc":{"start":{"line":4,"column":14},"end":{"line":13,"column":1}},"line":4}},"f":{"0":10}}
,"/home/antiy/projects/backend-project-lvl2/src/formatters/index.js": {"path":"/home/antiy/projects/backend-project-lvl2/src/formatters/index.js","statementMap":{"0":{"start":{"line":1,"column":0},"end":{"line":1,"column":0}},"1":{"start":{"line":2,"column":0},"end":{"line":2,"column":35}},"2":{"start":{"line":3,"column":0},"end":{"line":3,"column":31}},"3":{"start":{"line":4,"column":0},"end":{"line":4,"column":0}},"4":{"start":{"line":5,"column":0},"end":{"line":5,"column":32}},"5":{"start":{"line":6,"column":0},"end":{"line":6,"column":21}},"6":{"start":{"line":7,"column":0},"end":{"line":7,"column":12}},"7":{"start":{"line":8,"column":0},"end":{"line":8,"column":10}},"8":{"start":{"line":9,"column":0},"end":{"line":9,"column":25}},"9":{"start":{"line":10,"column":0},"end":{"line":10,"column":4}},"10":{"start":{"line":11,"column":0},"end":{"line":11,"column":0}},"11":{"start":{"line":12,"column":0},"end":{"line":12,"column":31}},"12":{"start":{"line":13,"column":0},"end":{"line":13,"column":2}},"13":{"start":{"line":14,"column":0},"end":{"line":14,"column":0}},"14":{"start":{"line":15,"column":0},"end":{"line":15,"column":22}}},"s":{"0":1,"1":1,"2":1,"3":1,"4":1,"5":5,"6":5,"7":5,"8":5,"9":5,"10":5,"11":5,"12":1,"13":1,"14":1},"branchMap":{"0":{"type":"branch","line":1,"loc":{"start":{"line":1,"column":0},"end":{"line":15,"column":22}},"locations":[{"start":{"line":1,"column":0},"end":{"line":15,"column":22}}]},"1":{"type":"branch","line":5,"loc":{"start":{"line":5,"column":15},"end":{"line":13,"column":1}},"locations":[{"start":{"line":5,"column":15},"end":{"line":13,"column":1}}]}},"b":{"0":[1],"1":[5]},"fnMap":{"0":{"name":"render","decl":{"start":{"line":5,"column":15},"end":{"line":13,"column":1}},"loc":{"start":{"line":5,"column":15},"end":{"line":13,"column":1}},"line":5}},"f":{"0":5}}
,"/home/antiy/projects/backend-project-lvl2/src/formatters/plain.js": {"path":"/home/antiy/projects/backend-project-lvl2/src/formatters/plain.js","statementMap":{"0":{"start":{"line":1,"column":0},"end":{"line":1,"column":23}},"1":{"start":{"line":2,"column":0},"end":{"line":2,"column":0}},"2":{"start":{"line":3,"column":0},"end":{"line":3,"column":82}},"3":{"start":{"line":4,"column":0},"end":{"line":4,"column":0}},"4":{"start":{"line":5,"column":0},"end":{"line":5,"column":39}},"5":{"start":{"line":6,"column":0},"end":{"line":6,"column":20}},"6":{"start":{"line":7,"column":0},"end":{"line":7,"column":15}},"7":{"start":{"line":8,"column":0},"end":{"line":8,"column":3}},"8":{"start":{"line":9,"column":0},"end":{"line":9,"column":31}},"9":{"start":{"line":10,"column":0},"end":{"line":10,"column":2}},"10":{"start":{"line":11,"column":0},"end":{"line":11,"column":0}},"11":{"start":{"line":12,"column":0},"end":{"line":12,"column":35}},"12":{"start":{"line":13,"column":0},"end":{"line":13,"column":18}},"13":{"start":{"line":14,"column":0},"end":{"line":14,"column":75}},"14":{"start":{"line":15,"column":0},"end":{"line":15,"column":118}},"15":{"start":{"line":16,"column":0},"end":{"line":16,"column":82}},"16":{"start":{"line":17,"column":0},"end":{"line":17,"column":152}},"17":{"start":{"line":18,"column":0},"end":{"line":18,"column":24}},"18":{"start":{"line":19,"column":0},"end":{"line":19,"column":4}},"19":{"start":{"line":20,"column":0},"end":{"line":20,"column":73}},"20":{"start":{"line":21,"column":0},"end":{"line":21,"column":2}},"21":{"start":{"line":22,"column":0},"end":{"line":22,"column":0}},"22":{"start":{"line":23,"column":0},"end":{"line":23,"column":21}}},"s":{"0":1,"1":1,"2":1,"3":1,"4":1,"5":13,"6":4,"7":4,"8":9,"9":1,"10":1,"11":1,"12":4,"13":4,"14":4,"15":4,"16":4,"17":4,"18":4,"19":4,"20":1,"21":1,"22":1},"branchMap":{"0":{"type":"branch","line":1,"loc":{"start":{"line":1,"column":0},"end":{"line":23,"column":21}},"locations":[{"start":{"line":1,"column":0},"end":{"line":23,"column":21}}]},"1":{"type":"branch","line":3,"loc":{"start":{"line":3,"column":21},"end":{"line":3,"column":81}},"locations":[{"start":{"line":3,"column":21},"end":{"line":3,"column":81}}]},"2":{"type":"branch","line":3,"loc":{"start":{"line":3,"column":53},"end":{"line":3,"column":72}},"locations":[{"start":{"line":3,"column":53},"end":{"line":3,"column":72}}]},"3":{"type":"branch","line":3,"loc":{"start":{"line":3,"column":73},"end":{"line":3,"column":80}},"locations":[{"start":{"line":3,"column":73},"end":{"line":3,"column":80}}]},"4":{"type":"branch","line":5,"loc":{"start":{"line":5,"column":23},"end":{"line":10,"column":1}},"locations":[{"start":{"line":5,"column":23},"end":{"line":10,"column":1}}]},"5":{"type":"branch","line":6,"loc":{"start":{"line":6,"column":19},"end":{"line":8,"column":3}},"locations":[{"start":{"line":6,"column":19},"end":{"line":8,"column":3}}]},"6":{"type":"branch","line":8,"loc":{"start":{"line":8,"column":3},"end":{"line":10,"column":0}},"locations":[{"start":{"line":8,"column":3},"end":{"line":10,"column":0}}]},"7":{"type":"branch","line":12,"loc":{"start":{"line":12,"column":14},"end":{"line":21,"column":1}},"locations":[{"start":{"line":12,"column":14},"end":{"line":21,"column":1}}]},"8":{"type":"branch","line":14,"loc":{"start":{"line":14,"column":12},"end":{"line":14,"column":74}},"locations":[{"start":{"line":14,"column":12},"end":{"line":14,"column":74}}]},"9":{"type":"branch","line":15,"loc":{"start":{"line":15,"column":11},"end":{"line":15,"column":117}},"locations":[{"start":{"line":15,"column":11},"end":{"line":15,"column":117}}]},"10":{"type":"branch","line":16,"loc":{"start":{"line":16,"column":13},"end":{"line":16,"column":81}},"locations":[{"start":{"line":16,"column":13},"end":{"line":16,"column":81}}]},"11":{"type":"branch","line":17,"loc":{"start":{"line":17,"column":13},"end":{"line":17,"column":151}},"locations":[{"start":{"line":17,"column":13},"end":{"line":17,"column":151}}]},"12":{"type":"branch","line":18,"loc":{"start":{"line":18,"column":15},"end":{"line":18,"column":23}},"locations":[{"start":{"line":18,"column":15},"end":{"line":18,"column":23}}]},"13":{"type":"branch","line":20,"loc":{"start":{"line":20,"column":21},"end":{"line":20,"column":60}},"locations":[{"start":{"line":20,"column":21},"end":{"line":20,"column":60}}]}},"b":{"0":[1],"1":[11],"2":[4],"3":[7],"4":[13],"5":[4],"6":[9],"7":[4],"8":[3],"9":[5],"10":[2],"11":[3],"12":[3],"13":[16]},"fnMap":{"0":{"name":"convertValue","decl":{"start":{"line":3,"column":21},"end":{"line":3,"column":81}},"loc":{"start":{"line":3,"column":21},"end":{"line":3,"column":81}},"line":3},"1":{"name":"pathToProperty","decl":{"start":{"line":5,"column":23},"end":{"line":10,"column":1}},"loc":{"start":{"line":5,"column":23},"end":{"line":10,"column":1}},"line":5},"2":{"name":"plain","decl":{"start":{"line":12,"column":14},"end":{"line":21,"column":1}},"loc":{"start":{"line":12,"column":14},"end":{"line":21,"column":1}},"line":12},"3":{"name":"nested","decl":{"start":{"line":14,"column":12},"end":{"line":14,"column":74}},"loc":{"start":{"line":14,"column":12},"end":{"line":14,"column":74}},"line":14},"4":{"name":"added","decl":{"start":{"line":15,"column":11},"end":{"line":15,"column":117}},"loc":{"start":{"line":15,"column":11},"end":{"line":15,"column":117}},"line":15},"5":{"name":"removed","decl":{"start":{"line":16,"column":13},"end":{"line":16,"column":81}},"loc":{"start":{"line":16,"column":13},"end":{"line":16,"column":81}},"line":16},"6":{"name":"changed","decl":{"start":{"line":17,"column":13},"end":{"line":17,"column":151}},"loc":{"start":{"line":17,"column":13},"end":{"line":17,"column":151}},"line":17},"7":{"name":"unchanged","decl":{"start":{"line":18,"column":15},"end":{"line":18,"column":23}},"loc":{"start":{"line":18,"column":15},"end":{"line":18,"column":23}},"line":18}},"f":{"0":11,"1":13,"2":4,"3":3,"4":5,"5":2,"6":3,"7":3}}
,"/home/antiy/projects/backend-project-lvl2/src/formatters/stylish.js": {"path":"/home/antiy/projects/backend-project-lvl2/src/formatters/stylish.js","statementMap":{"0":{"start":{"line":1,"column":0},"end":{"line":1,"column":23}},"1":{"start":{"line":2,"column":0},"end":{"line":2,"column":0}},"2":{"start":{"line":3,"column":0},"end":{"line":3,"column":31}},"3":{"start":{"line":4,"column":0},"end":{"line":4,"column":28}},"4":{"start":{"line":5,"column":0},"end":{"line":5,"column":34}},"5":{"start":{"line":6,"column":0},"end":{"line":6,"column":2}},"6":{"start":{"line":7,"column":0},"end":{"line":7,"column":0}},"7":{"start":{"line":8,"column":0},"end":{"line":8,"column":96}},"8":{"start":{"line":9,"column":0},"end":{"line":9,"column":0}},"9":{"start":{"line":10,"column":0},"end":{"line":10,"column":47}},"10":{"start":{"line":11,"column":0},"end":{"line":11,"column":32}},"11":{"start":{"line":12,"column":0},"end":{"line":12,"column":47}},"12":{"start":{"line":13,"column":0},"end":{"line":13,"column":55}},"13":{"start":{"line":14,"column":0},"end":{"line":14,"column":86}},"14":{"start":{"line":15,"column":0},"end":{"line":15,"column":5}},"15":{"start":{"line":16,"column":0},"end":{"line":16,"column":50}},"16":{"start":{"line":17,"column":0},"end":{"line":17,"column":5}},"17":{"start":{"line":18,"column":0},"end":{"line":18,"column":57}},"18":{"start":{"line":19,"column":0},"end":{"line":19,"column":58}},"19":{"start":{"line":20,"column":0},"end":{"line":20,"column":2}},"20":{"start":{"line":21,"column":0},"end":{"line":21,"column":0}},"21":{"start":{"line":22,"column":0},"end":{"line":22,"column":40}},"22":{"start":{"line":23,"column":0},"end":{"line":23,"column":26}},"23":{"start":{"line":24,"column":0},"end":{"line":24,"column":47}},"24":{"start":{"line":25,"column":0},"end":{"line":25,"column":3}},"25":{"start":{"line":26,"column":0},"end":{"line":26,"column":15}},"26":{"start":{"line":27,"column":0},"end":{"line":27,"column":2}},"27":{"start":{"line":28,"column":0},"end":{"line":28,"column":0}},"28":{"start":{"line":29,"column":0},"end":{"line":29,"column":37}},"29":{"start":{"line":30,"column":0},"end":{"line":30,"column":18}},"30":{"start":{"line":31,"column":0},"end":{"line":31,"column":91}},"31":{"start":{"line":32,"column":0},"end":{"line":32,"column":92}},"32":{"start":{"line":33,"column":0},"end":{"line":33,"column":94}},"33":{"start":{"line":34,"column":0},"end":{"line":34,"column":96}},"34":{"start":{"line":35,"column":0},"end":{"line":35,"column":24}},"35":{"start":{"line":36,"column":0},"end":{"line":36,"column":109}},"36":{"start":{"line":37,"column":0},"end":{"line":37,"column":107}},"37":{"start":{"line":38,"column":0},"end":{"line":38,"column":56}},"38":{"start":{"line":39,"column":0},"end":{"line":39,"column":6}},"39":{"start":{"line":40,"column":0},"end":{"line":40,"column":4}},"40":{"start":{"line":41,"column":0},"end":{"line":41,"column":0}},"41":{"start":{"line":42,"column":0},"end":{"line":42,"column":80}},"42":{"start":{"line":43,"column":0},"end":{"line":43,"column":44}},"43":{"start":{"line":44,"column":0},"end":{"line":44,"column":47}},"44":{"start":{"line":45,"column":0},"end":{"line":45,"column":2}},"45":{"start":{"line":46,"column":0},"end":{"line":46,"column":0}},"46":{"start":{"line":47,"column":0},"end":{"line":47,"column":23}}},"s":{"0":1,"1":1,"2":1,"3":47,"4":47,"5":1,"6":1,"7":1,"8":1,"9":1,"10":5,"11":5,"12":5,"13":0,"14":0,"15":5,"16":5,"17":5,"18":5,"19":1,"20":1,"21":1,"22":28,"23":5,"24":5,"25":23,"26":1,"27":1,"28":1,"29":6,"30":6,"31":6,"32":6,"33":6,"34":6,"35":5,"36":5,"37":5,"38":6,"39":6,"40":6,"41":6,"42":6,"43":6,"44":1,"45":1,"46":1},"branchMap":{"0":{"type":"branch","line":1,"loc":{"start":{"line":1,"column":0},"end":{"line":47,"column":23}},"locations":[{"start":{"line":1,"column":0},"end":{"line":47,"column":23}}]},"1":{"type":"branch","line":3,"loc":{"start":{"line":3,"column":19},"end":{"line":6,"column":1}},"locations":[{"start":{"line":3,"column":19},"end":{"line":6,"column":1}}]},"2":{"type":"branch","line":8,"loc":{"start":{"line":8,"column":17},"end":{"line":8,"column":95}},"locations":[{"start":{"line":8,"column":17},"end":{"line":8,"column":95}}]},"3":{"type":"branch","line":10,"loc":{"start":{"line":10,"column":30},"end":{"line":20,"column":1}},"locations":[{"start":{"line":10,"column":30},"end":{"line":20,"column":1}}]},"4":{"type":"branch","line":12,"loc":{"start":{"line":12,"column":37},"end":{"line":17,"column":3}},"locations":[{"start":{"line":12,"column":37},"end":{"line":17,"column":3}}]},"5":{"type":"branch","line":13,"loc":{"start":{"line":13,"column":29},"end":{"line":13,"column":52}},"locations":[{"start":{"line":13,"column":29},"end":{"line":13,"column":52}}]},"6":{"type":"branch","line":13,"loc":{"start":{"line":13,"column":54},"end":{"line":15,"column":5}},"locations":[{"start":{"line":13,"column":54},"end":{"line":15,"column":5}}]},"7":{"type":"branch","line":22,"loc":{"start":{"line":22,"column":21},"end":{"line":27,"column":1}},"locations":[{"start":{"line":22,"column":21},"end":{"line":27,"column":1}}]},"8":{"type":"branch","line":23,"loc":{"start":{"line":23,"column":25},"end":{"line":25,"column":3}},"locations":[{"start":{"line":23,"column":25},"end":{"line":25,"column":3}}]},"9":{"type":"branch","line":25,"loc":{"start":{"line":25,"column":3},"end":{"line":27,"column":0}},"locations":[{"start":{"line":25,"column":3},"end":{"line":27,"column":0}}]},"10":{"type":"branch","line":29,"loc":{"start":{"line":29,"column":16},"end":{"line":45,"column":1}},"locations":[{"start":{"line":29,"column":16},"end":{"line":45,"column":1}}]},"11":{"type":"branch","line":31,"loc":{"start":{"line":31,"column":12},"end":{"line":31,"column":90}},"locations":[{"start":{"line":31,"column":12},"end":{"line":31,"column":90}}]},"12":{"type":"branch","line":32,"loc":{"start":{"line":32,"column":11},"end":{"line":32,"column":91}},"locations":[{"start":{"line":32,"column":11},"end":{"line":32,"column":91}}]},"13":{"type":"branch","line":33,"loc":{"start":{"line":33,"column":13},"end":{"line":33,"column":93}},"locations":[{"start":{"line":33,"column":13},"end":{"line":33,"column":93}}]},"14":{"type":"branch","line":34,"loc":{"start":{"line":34,"column":15},"end":{"line":34,"column":95}},"locations":[{"start":{"line":34,"column":15},"end":{"line":34,"column":95}}]},"15":{"type":"branch","line":35,"loc":{"start":{"line":35,"column":13},"end":{"line":39,"column":5}},"locations":[{"start":{"line":35,"column":13},"end":{"line":39,"column":5}}]},"16":{"type":"branch","line":42,"loc":{"start":{"line":42,"column":38},"end":{"line":42,"column":78}},"locations":[{"start":{"line":42,"column":38},"end":{"line":42,"column":78}}]}},"b":{"0":[1],"1":[47],"2":[36],"3":[5],"4":[5],"5":[0],"6":[0],"7":[28],"8":[5],"9":[23],"10":[6],"11":[3],"12":[7],"13":[6],"14":[5],"15":[5],"16":[26]},"fnMap":{"0":{"name":"makeIndent","decl":{"start":{"line":3,"column":19},"end":{"line":6,"column":1}},"loc":{"start":{"line":3,"column":19},"end":{"line":6,"column":1}},"line":3},"1":{"name":"makeLine","decl":{"start":{"line":8,"column":17},"end":{"line":8,"column":95}},"loc":{"start":{"line":8,"column":17},"end":{"line":8,"column":95}},"line":8},"2":{"name":"convertObjectToString","decl":{"start":{"line":10,"column":30},"end":{"line":20,"column":1}},"loc":{"start":{"line":10,"column":30},"end":{"line":20,"column":1}},"line":10},"3":{"name":"convertValue","decl":{"start":{"line":22,"column":21},"end":{"line":27,"column":1}},"loc":{"start":{"line":22,"column":21},"end":{"line":27,"column":1}},"line":22},"4":{"name":"stylish","decl":{"start":{"line":29,"column":16},"end":{"line":45,"column":1}},"loc":{"start":{"line":29,"column":16},"end":{"line":45,"column":1}},"line":29},"5":{"name":"nested","decl":{"start":{"line":31,"column":12},"end":{"line":31,"column":90}},"loc":{"start":{"line":31,"column":12},"end":{"line":31,"column":90}},"line":31},"6":{"name":"added","decl":{"start":{"line":32,"column":11},"end":{"line":32,"column":91}},"loc":{"start":{"line":32,"column":11},"end":{"line":32,"column":91}},"line":32},"7":{"name":"removed","decl":{"start":{"line":33,"column":13},"end":{"line":33,"column":93}},"loc":{"start":{"line":33,"column":13},"end":{"line":33,"column":93}},"line":33},"8":{"name":"unchanged","decl":{"start":{"line":34,"column":15},"end":{"line":34,"column":95}},"loc":{"start":{"line":34,"column":15},"end":{"line":34,"column":95}},"line":34},"9":{"name":"changed","decl":{"start":{"line":35,"column":13},"end":{"line":39,"column":5}},"loc":{"start":{"line":35,"column":13},"end":{"line":39,"column":5}},"line":35}},"f":{"0":47,"1":36,"2":5,"3":28,"4":6,"5":3,"6":7,"7":6,"8":5,"9":5}}
}
