TN:
SF:src/buildAST.js
FN:3,bothValuesAreObjects
FN:4,bothValuesAreEqual
FN:5,hasNoKey
FN:7,buildAST
FN:8,buildNode
FNF:5
FNH:5
FNDA:31,bothValuesAreObjects
FNDA:22,bothValuesAreEqual
FNDA:99,hasNoKey
FNDA:14,buildAST
FNDA:58,buildNode
DA:1,1
DA:2,1
DA:3,1
DA:4,1
DA:5,1
DA:6,1
DA:7,1
DA:8,14
DA:9,58
DA:10,17
DA:11,17
DA:12,58
DA:13,10
DA:14,10
DA:15,58
DA:16,9
DA:17,9
DA:18,58
DA:19,11
DA:20,11
DA:21,11
DA:22,11
DA:23,11
DA:24,11
DA:25,11
DA:26,11
DA:27,14
DA:28,14
DA:29,14
DA:30,1
DA:31,1
DA:32,1
LF:32
LH:32
BRDA:1,0,0,1
BRDA:3,1,0,31
BRDA:3,2,0,12
BRDA:4,3,0,22
BRDA:5,4,0,99
BRDA:7,5,0,14
BRDA:8,6,0,58
BRDA:9,7,0,17
BRDA:11,8,0,41
BRDA:12,9,0,10
BRDA:14,10,0,31
BRDA:15,11,0,9
BRDA:17,12,0,22
BRDA:18,13,0,11
BRDA:29,14,0,58
BRF:15
BRH:15
end_of_record
TN:
SF:src/index.js
FN:10,buildFullPath
FN:12,getDifference
FNF:2
FNH:2
FNDA:10,buildFullPath
FNDA:5,getDifference
DA:1,1
DA:2,1
DA:3,1
DA:4,1
DA:5,1
DA:6,1
DA:7,1
DA:8,1
DA:9,1
DA:10,1
DA:11,1
DA:12,1
DA:13,5
DA:14,5
DA:15,5
DA:16,5
DA:17,5
DA:18,5
DA:19,5
DA:20,5
DA:21,5
DA:22,5
DA:23,1
DA:24,1
DA:25,1
LF:25
LH:25
BRDA:1,0,0,1
BRDA:10,1,0,10
BRDA:12,2,0,5
BRF:3
BRH:3
end_of_record
TN:
SF:src/parsers.js
FN:4,parse
FNF:1
FNH:1
FNDA:10,parse
DA:1,1
DA:2,1
DA:3,1
DA:4,1
DA:5,10
DA:6,10
DA:7,10
DA:8,10
DA:9,10
DA:10,10
DA:11,10
DA:12,10
DA:13,1
DA:14,1
DA:15,1
LF:15
LH:15
BRDA:1,0,0,1
BRDA:4,1,0,10
BRF:2
BRH:2
end_of_record
TN:
SF:src/formatters/index.js
FN:5,render
FNF:1
FNH:1
FNDA:5,render
DA:1,1
DA:2,1
DA:3,1
DA:4,1
DA:5,1
DA:6,5
DA:7,5
DA:8,5
DA:9,5
DA:10,5
DA:11,5
DA:12,5
DA:13,1
DA:14,1
DA:15,1
LF:15
LH:15
BRDA:1,0,0,1
BRDA:5,1,0,5
BRF:2
BRH:2
end_of_record
TN:
SF:src/formatters/plain.js
FN:3,convertValue
FN:5,pathToProperty
FN:12,plain
FN:14,nested
FN:15,added
FN:16,removed
FN:17,changed
FN:18,unchanged
FNF:8
FNH:8
FNDA:11,convertValue
FNDA:13,pathToProperty
FNDA:4,plain
FNDA:3,nested
FNDA:5,added
FNDA:2,removed
FNDA:3,changed
FNDA:3,unchanged
DA:1,1
DA:2,1
DA:3,1
DA:4,1
DA:5,1
DA:6,13
DA:7,4
DA:8,4
DA:9,9
DA:10,1
DA:11,1
DA:12,1
DA:13,4
DA:14,4
DA:15,4
DA:16,4
DA:17,4
DA:18,4
DA:19,4
DA:20,4
DA:21,1
DA:22,1
DA:23,1
LF:23
LH:23
BRDA:1,0,0,1
BRDA:3,1,0,11
BRDA:3,2,0,4
BRDA:3,3,0,7
BRDA:5,4,0,13
BRDA:6,5,0,4
BRDA:8,6,0,9
BRDA:12,7,0,4
BRDA:14,8,0,3
BRDA:15,9,0,5
BRDA:16,10,0,2
BRDA:17,11,0,3
BRDA:18,12,0,3
BRDA:20,13,0,16
BRF:14
BRH:14
end_of_record
TN:
SF:src/formatters/stylish.js
FN:3,makeIndent
FN:8,makeLine
FN:10,convertObjectToString
FN:22,convertValue
FN:29,stylish
FN:31,nested
FN:32,added
FN:33,removed
FN:34,unchanged
FN:35,changed
FNF:10
FNH:10
FNDA:47,makeIndent
FNDA:36,makeLine
FNDA:5,convertObjectToString
FNDA:28,convertValue
FNDA:6,stylish
FNDA:3,nested
FNDA:7,added
FNDA:6,removed
FNDA:5,unchanged
FNDA:5,changed
DA:1,1
DA:2,1
DA:3,1
DA:4,47
DA:5,47
DA:6,1
DA:7,1
DA:8,1
DA:9,1
DA:10,1
DA:11,5
DA:12,5
DA:13,5
DA:14,0
DA:15,0
DA:16,5
DA:17,5
DA:18,5
DA:19,5
DA:20,1
DA:21,1
DA:22,1
DA:23,28
DA:24,5
DA:25,5
DA:26,23
DA:27,1
DA:28,1
DA:29,1
DA:30,6
DA:31,6
DA:32,6
DA:33,6
DA:34,6
DA:35,6
DA:36,5
DA:37,5
DA:38,5
DA:39,6
DA:40,6
DA:41,6
DA:42,6
DA:43,6
DA:44,6
DA:45,1
DA:46,1
DA:47,1
LF:47
LH:45
BRDA:1,0,0,1
BRDA:3,1,0,47
BRDA:8,2,0,36
BRDA:10,3,0,5
BRDA:12,4,0,5
BRDA:13,5,0,0
BRDA:13,6,0,0
BRDA:22,7,0,28
BRDA:23,8,0,5
BRDA:25,9,0,23
BRDA:29,10,0,6
BRDA:31,11,0,3
BRDA:32,12,0,7
BRDA:33,13,0,6
BRDA:34,14,0,5
BRDA:35,15,0,5
BRDA:42,16,0,26
BRF:17
BRH:15
end_of_record
